Content-Type: multipart/alternative;
 boundary="===============5733722697966112367=="
MIME-Version: 1.0
Subject: Profile activation
From: atifviews@gmail.com
To: adam@gmail.com
Date: Fri, 02 Feb 2024 07:30:21 -0000
Message-ID: <170685902107.77766.17592911867358277086@aa>

--===============5733722697966112367==
Content-Type: text/plain; charset="utf-8"
MIME-Version: 1.0
Content-Transfer-Encoding: 7bit



To activate your profile, please follow this link:

http://127.0.0.1:8000/accounts/activate/MInnvVeRfjQLxRd4pKCy/

--===============5733722697966112367==
Content-Type: text/html; charset="utf-8"
MIME-Version: 1.0
Content-Transfer-Encoding: 7bit



<!DOCTYPE html PUBLIC "-//W3C//DTD XHTML 1.0 Transitional//EN"
        "http://www.w3.org/TR/xhtml1/DTD/xhtml1-transitional.dtd">
<html xmlns="http://www.w3.org/1999/xhtml">
<head>
    <meta http-equiv="Content-Type" content="text/html; charset=UTF-8"/>
    <title>Profile activation</title>
    <meta name="viewport" content="width=device-width, initial-scale=1.0"/>
</head>

<body>

<p>
    To activate your profile, please follow this link:
</p>

<p>
    <a href="http://127.0.0.1:8000/accounts/activate/MInnvVeRfjQLxRd4pKCy/">http://127.0.0.1:8000/accounts/activate/MInnvVeRfjQLxRd4pKCy/</a>
</p>

</body>

</html>

--===============5733722697966112367==--

-------------------------------------------------------------------------------
