Content-Type: multipart/alternative;
 boundary="===============1054303505615741365=="
MIME-Version: 1.0
Subject: Profile activation
From: test@example.com
To: shayan@gmail.com
Date: Mon, 22 Jan 2024 08:22:19 -0000
Message-ID: <170591173972.9307.13055207653460237076@aa>

--===============1054303505615741365==
Content-Type: text/plain; charset="utf-8"
MIME-Version: 1.0
Content-Transfer-Encoding: 7bit



To activate your profile, please follow this link:

http://127.0.0.1:8000/accounts/activate/PXfsAQWT3ccroAHG4xZU/

--===============1054303505615741365==
Content-Type: text/html; charset="utf-8"
MIME-Version: 1.0
Content-Transfer-Encoding: 7bit



<!DOCTYPE html PUBLIC "-//W3C//DTD XHTML 1.0 Transitional//EN"
        "http://www.w3.org/TR/xhtml1/DTD/xhtml1-transitional.dtd">
<html xmlns="http://www.w3.org/1999/xhtml">
<head>
    <meta http-equiv="Content-Type" content="text/html; charset=UTF-8"/>
    <title>Profile activation</title>
    <meta name="viewport" content="width=device-width, initial-scale=1.0"/>
</head>

<body>

<p>
    To activate your profile, please follow this link:
</p>

<p>
    <a href="http://127.0.0.1:8000/accounts/activate/PXfsAQWT3ccroAHG4xZU/">http://127.0.0.1:8000/accounts/activate/PXfsAQWT3ccroAHG4xZU/</a>
</p>

</body>

</html>

--===============1054303505615741365==--

-------------------------------------------------------------------------------
