Content-Type: multipart/alternative;
 boundary="===============4526748229700674321=="
MIME-Version: 1.0
Subject: Profile activation
From: atifviews@gmail.com
To: amjad@gmail.com
Date: Fri, 02 Feb 2024 07:32:07 -0000
Message-ID: <170685912708.80685.2188896548890248085@aa>

--===============4526748229700674321==
Content-Type: text/plain; charset="utf-8"
MIME-Version: 1.0
Content-Transfer-Encoding: 7bit



To activate your profile, please follow this link:

http://127.0.0.1:8000/accounts/activate/F4h7YU2PVIAXoLp1DUwM/

--===============4526748229700674321==
Content-Type: text/html; charset="utf-8"
MIME-Version: 1.0
Content-Transfer-Encoding: 7bit



<!DOCTYPE html PUBLIC "-//W3C//DTD XHTML 1.0 Transitional//EN"
        "http://www.w3.org/TR/xhtml1/DTD/xhtml1-transitional.dtd">
<html xmlns="http://www.w3.org/1999/xhtml">
<head>
    <meta http-equiv="Content-Type" content="text/html; charset=UTF-8"/>
    <title>Profile activation</title>
    <meta name="viewport" content="width=device-width, initial-scale=1.0"/>
</head>

<body>

<p>
    To activate your profile, please follow this link:
</p>

<p>
    <a href="http://127.0.0.1:8000/accounts/activate/F4h7YU2PVIAXoLp1DUwM/">http://127.0.0.1:8000/accounts/activate/F4h7YU2PVIAXoLp1DUwM/</a>
</p>

</body>

</html>

--===============4526748229700674321==--

-------------------------------------------------------------------------------
