Content-Type: multipart/alternative;
 boundary="===============2388107068407290496=="
MIME-Version: 1.0
Subject: Profile activation
From: example@gmail.com
To: test@gmail.com
Date: Thu, 09 May 2024 06:27:46 -0000
Message-ID: <171523606676.170776.15185774185248596517@ah-MSI>

--===============2388107068407290496==
Content-Type: text/plain; charset="utf-8"
MIME-Version: 1.0
Content-Transfer-Encoding: 7bit



To activate your profile, please follow this link:

http://127.0.0.1:8000/accounts/activate/ozOA9j4j2VyPZ00X1B93/

--===============2388107068407290496==
Content-Type: text/html; charset="utf-8"
MIME-Version: 1.0
Content-Transfer-Encoding: 7bit



<!DOCTYPE html PUBLIC "-//W3C//DTD XHTML 1.0 Transitional//EN"
        "http://www.w3.org/TR/xhtml1/DTD/xhtml1-transitional.dtd">
<html xmlns="http://www.w3.org/1999/xhtml">
<head>
    <meta http-equiv="Content-Type" content="text/html; charset=UTF-8"/>
    <title>Profile activation</title>
    <meta name="viewport" content="width=device-width, initial-scale=1.0"/>
</head>

<body>

<p>
    To activate your profile, please follow this link:
</p>

<p>
    <a href="http://127.0.0.1:8000/accounts/activate/ozOA9j4j2VyPZ00X1B93/">http://127.0.0.1:8000/accounts/activate/ozOA9j4j2VyPZ00X1B93/</a>
</p>

</body>

</html>

--===============2388107068407290496==--

-------------------------------------------------------------------------------
