Content-Type: multipart/alternative;
 boundary="===============5426501983960444382=="
MIME-Version: 1.0
Subject: Profile activation
From: test@example.com
To: user1@gmail.com
Date: Sat, 20 Jan 2024 05:07:08 -0000
Message-ID: <170572722817.5197.527609241270043897@aa>

--===============5426501983960444382==
Content-Type: text/plain; charset="utf-8"
MIME-Version: 1.0
Content-Transfer-Encoding: 7bit



To activate your profile, please follow this link:

http://127.0.0.1:8000/accounts/activate/x4mqawugUBPSFoqKpYAx/

--===============5426501983960444382==
Content-Type: text/html; charset="utf-8"
MIME-Version: 1.0
Content-Transfer-Encoding: 7bit



<!DOCTYPE html PUBLIC "-//W3C//DTD XHTML 1.0 Transitional//EN"
        "http://www.w3.org/TR/xhtml1/DTD/xhtml1-transitional.dtd">
<html xmlns="http://www.w3.org/1999/xhtml">
<head>
    <meta http-equiv="Content-Type" content="text/html; charset=UTF-8"/>
    <title>Profile activation</title>
    <meta name="viewport" content="width=device-width, initial-scale=1.0"/>
</head>

<body>

<p>
    To activate your profile, please follow this link:
</p>

<p>
    <a href="http://127.0.0.1:8000/accounts/activate/x4mqawugUBPSFoqKpYAx/">http://127.0.0.1:8000/accounts/activate/x4mqawugUBPSFoqKpYAx/</a>
</p>

</body>

</html>

--===============5426501983960444382==--

-------------------------------------------------------------------------------
